This is pdfTeX, Version 3.14159265-2.6-1.40.16 (MiKTeX 2.9) (preloaded format=pdflatex 2016.3.10)  12 NOV 2016 19:16
entering extended mode
**./titlepage.tex
(titlepage.tex
LaTeX2e <2016/02/01>
Babel <3.9q> and hyphenation patterns for 70 language(s) loaded.

! Package babel Error: Unknown language `ngerman'. Either you have
(babel)                misspelled its name, it has not been installed,
(babel)                or you requested it in a previous run. Fix its name,
(babel)                install it or just rerun the file, respectively.

See the babel package documentation for explanation.
Type  H <return>  for immediate help.
 ...                                              
                                                  
l.14 \selectlanguage{ngerman}
                             
You may proceed, but expect unexpected results

! Undefined control sequence.
l.17 \newgeometry
                 {left=2.4cm,right=2.4cm,bottom=2.5cm,top=2cm}
The control sequence at the end of the top line
of your error message was never \def'ed. If you have
misspelled it (e.g., `\hobx'), type `I' and the correct
spelling (e.g., `I\hbox'). Otherwise just continue,
and I'll forget about whatever was undefined.


! LaTeX Error: Missing \begin{document}.

See the LaTeX manual or LaTeX Companion for explanation.
Type  H <return>  for immediate help.
 ...                                              
                                                  
l.17 \newgeometry{l
                   eft=2.4cm,right=2.4cm,bottom=2.5cm,top=2cm}
You're in trouble here.  Try typing  <return>  to proceed.
If that doesn't work, type  X <return>  to quit.

Missing character: There is no l in font nullfont!
Missing character: There is no e in font nullfont!
Missing character: There is no f in font nullfont!
Missing character: There is no t in font nullfont!
Missing character: There is no = in font nullfont!
Missing character: There is no 2 in font nullfont!
Missing character: There is no . in font nullfont!
Missing character: There is no 4 in font nullfont!
Missing character: There is no c in font nullfont!
Missing character: There is no m in font nullfont!
Missing character: There is no , in font nullfont!
Missing character: There is no r in font nullfont!
Missing character: There is no i in font nullfont!
Missing character: There is no g in font nullfont!
Missing character: There is no h in font nullfont!
Missing character: There is no t in font nullfont!
Missing character: There is no = in font nullfont!
Missing character: There is no 2 in font nullfont!
Missing character: There is no . in font nullfont!
Missing character: There is no 4 in font nullfont!
Missing character: There is no c in font nullfont!
Missing character: There is no m in font nullfont!
Missing character: There is no , in font nullfont!
Missing character: There is no b in font nullfont!
Missing character: There is no o in font nullfont!
Missing character: There is no t in font nullfont!
Missing character: There is no t in font nullfont!
Missing character: There is no o in font nullfont!
Missing character: There is no m in font nullfont!
Missing character: There is no = in font nullfont!
Missing character: There is no 2 in font nullfont!
Missing character: There is no . in font nullfont!
Missing character: There is no 5 in font nullfont!
Missing character: There is no c in font nullfont!
Missing character: There is no m in font nullfont!
Missing character: There is no , in font nullfont!
Missing character: There is no t in font nullfont!
Missing character: There is no o in font nullfont!
Missing character: There is no p in font nullfont!
Missing character: There is no = in font nullfont!
Missing character: There is no 2 in font nullfont!
Missing character: There is no c in font nullfont!
Missing character: There is no m in font nullfont!

Overfull \hbox (20.0pt too wide) in paragraph at lines 17--18
[] 
 []

\tmpbaselineskip=\skip41
\tmpparindent=\skip42
! Undefined control sequence.
<argument> \undefinedpagestyle 
                               
l.28 \thispagestyle{tuinftitlepage}
                                   
The control sequence at the end of the top line
of your error message was never \def'ed. If you have
misspelled it (e.g., `\hobx'), type `I' and the correct
spelling (e.g., `I\hbox'). Otherwise just continue,
and I'll forget about whatever was undefined.


! LaTeX Error: Missing \begin{document}.

See the LaTeX manual or LaTeX Companion for explanation.
Type  H <return>  for immediate help.
 ...                                              
                                                  
l.37 \begin{center}
                   
You're in trouble here.  Try typing  <return>  to proceed.
If that doesn't work, type  X <return>  to quit.


Overfull \hbox (17.0pt too wide) in paragraph at lines 37--37
[] 
 []

! Undefined control sequence.
l.42 \thesistitlefontHUGE
                         \sffamily\bfseries\tuinfthesistitle\\
The control sequence at the end of the top line
of your error message was never \def'ed. If you have
misspelled it (e.g., `\hobx'), type `I' and the correct
spelling (e.g., `I\hbox'). Otherwise just continue,
and I'll forget about whatever was undefined.

! Undefined control sequence.
l.42 ...ontHUGE\sffamily\bfseries\tuinfthesistitle
                                                  \\
The control sequence at the end of the top line
of your error message was never \def'ed. If you have
misspelled it (e.g., `\hobx'), type `I' and the correct
spelling (e.g., `I\hbox'). Otherwise just continue,
and I'll forget about whatever was undefined.


! LaTeX Error: There's no line here to end.

See the LaTeX manual or LaTeX Companion for explanation.
Type  H <return>  for immediate help.
 ...                                              
                                                  
l.42 ...tHUGE\sffamily\bfseries\tuinfthesistitle\\
                                                  
Your command was ignored.
Type  I <command> <return>  to replace it with another command,
or  <return>  to continue without it.

! Undefined control sequence.
l.43 {\thesistitlefonthuge
                          \sffamily\bfseries\tuinfthesissubtitle}
The control sequence at the end of the top line
of your error message was never \def'ed. If you have
misspelled it (e.g., `\hobx'), type `I' and the correct
spelling (e.g., `I\hbox'). Otherwise just continue,
and I'll forget about whatever was undefined.

! Undefined control sequence.
l.43 ...huge\sffamily\bfseries\tuinfthesissubtitle
                                                  }
The control sequence at the end of the top line
of your error message was never \def'ed. If you have
misspelled it (e.g., `\hobx'), type `I' and the correct
spelling (e.g., `I\hbox'). Otherwise just continue,
and I'll forget about whatever was undefined.

! Undefined control sequence.
l.48 {\thesistitlefontLARGE
                           \sffamily\bfseries \tuinfthesisdegree}
The control sequence at the end of the top line
of your error message was never \def'ed. If you have
misspelled it (e.g., `\hobx'), type `I' and the correct
spelling (e.g., `I\hbox'). Otherwise just continue,
and I'll forget about whatever was undefined.

! Undefined control sequence.
l.48 ...LARGE\sffamily\bfseries \tuinfthesisdegree
                                                  }
The control sequence at the end of the top line
of your error message was never \def'ed. If you have
misspelled it (e.g., `\hobx'), type `I' and the correct
spelling (e.g., `I\hbox'). Otherwise just continue,
and I'll forget about whatever was undefined.

! Undefined control sequence.
l.52 {\thesistitlefontlarge
                           \sffamily im Rahmen des Studiums}
The control sequence at the end of the top line
of your error message was never \def'ed. If you have
misspelled it (e.g., `\hobx'), type `I' and the correct
spelling (e.g., `I\hbox'). Otherwise just continue,
and I'll forget about whatever was undefined.


Overfull \hbox (10.33334pt too wide) in paragraph at lines 52--53
 []\OT1/cmss/m/n/10 im 
 []


Overfull \hbox (19.76393pt too wide) in paragraph at lines 52--53
 \OT1/cmss/m/n/10 Rah- 
 []


Overfull \hbox (17.55557pt too wide) in paragraph at lines 52--53
 \OT1/cmss/m/n/10 men 
 []


Overfull \hbox (13.44444pt too wide) in paragraph at lines 52--53
 \OT1/cmss/m/n/10 des 
 []


Overfull \hbox (25.22224pt too wide) in paragraph at lines 52--53
 \OT1/cmss/m/n/10 Studi- 
 []


Overfull \hbox (16.94446pt too wide) in paragraph at lines 52--53
 \OT1/cmss/m/n/10 ums 
 []

! Undefined control sequence.
l.56 {\thesistitlefontLarge
                           \sffamily\bfseries \tuinfthesiscurriculum}
The control sequence at the end of the top line
of your error message was never \def'ed. If you have
misspelled it (e.g., `\hobx'), type `I' and the correct
spelling (e.g., `I\hbox'). Otherwise just continue,
and I'll forget about whatever was undefined.

! Undefined control sequence.
l.56 ...e\sffamily\bfseries \tuinfthesiscurriculum
                                                  }
The control sequence at the end of the top line
of your error message was never \def'ed. If you have
misspelled it (e.g., `\hobx'), type `I' and the correct
spelling (e.g., `I\hbox'). Otherwise just continue,
and I'll forget about whatever was undefined.

! Undefined control sequence.
l.60 {\thesistitlefontlarge
                           \sffamily eingereicht von}
The control sequence at the end of the top line
of your error message was never \def'ed. If you have
misspelled it (e.g., `\hobx'), type `I' and the correct
spelling (e.g., `I\hbox'). Otherwise just continue,
and I'll forget about whatever was undefined.


Overfull \hbox (44.9167pt too wide) in paragraph at lines 60--61
 []\OT1/cmss/m/n/10 eingereicht 
 []


Overfull \hbox (14.77782pt too wide) in paragraph at lines 60--61
 \OT1/cmss/m/n/10 von 
 []

! Undefined control sequence.
l.64 {\thesistitlefontLarge
                           \sffamily\bfseries \tuinfthesisauthor}
The control sequence at the end of the top line
of your error message was never \def'ed. If you have
misspelled it (e.g., `\hobx'), type `I' and the correct
spelling (e.g., `I\hbox'). Otherwise just continue,
and I'll forget about whatever was undefined.

! Undefined control sequence.
l.64 ...Large\sffamily\bfseries \tuinfthesisauthor
                                                  }
The control sequence at the end of the top line
of your error message was never \def'ed. If you have
misspelled it (e.g., `\hobx'), type `I' and the correct
spelling (e.g., `I\hbox'). Otherwise just continue,
and I'll forget about whatever was undefined.

! Undefined control sequence.
l.68 {\thesistitlefontlarge
                           \sffamily Matrikelnummer \tuinfthesismatrikelno}
The control sequence at the end of the top line
of your error message was never \def'ed. If you have
misspelled it (e.g., `\hobx'), type `I' and the correct
spelling (e.g., `I\hbox'). Otherwise just continue,
and I'll forget about whatever was undefined.

! Undefined control sequence.
l.68 ...mily Matrikelnummer \tuinfthesismatrikelno
                                                  }
The control sequence at the end of the top line
of your error message was never \def'ed. If you have
misspelled it (e.g., `\hobx'), type `I' and the correct
spelling (e.g., `I\hbox'). Otherwise just continue,
and I'll forget about whatever was undefined.


Overfull \hbox (68.50015pt too wide) in paragraph at lines 68--69
 []\OT1/cmss/m/n/10 Matrikelnummer 
 []

! Undefined control sequence.
l.72 ...0pt}\raggedright\thesistitlefontnormalsize
                                                  \sffamily
The control sequence at the end of the top line
of your error message was never \def'ed. If you have
misspelled it (e.g., `\hobx'), type `I' and the correct
spelling (e.g., `I\hbox'). Otherwise just continue,
and I'll forget about whatever was undefined.


Overfull \hbox (8191.99998pt too wide) in paragraph at lines 73--79
[][] 
 []

! Undefined control sequence.
l.81 ...0pt}\raggedright\thesistitlefontnormalsize
                                                  \sffamily
The control sequence at the end of the top line
of your error message was never \def'ed. If you have
misspelled it (e.g., `\hobx'), type `I' and the correct
spelling (e.g., `I\hbox'). Otherwise just continue,
and I'll forget about whatever was undefined.

! Undefined control sequence.
l.85 	    \tuinfthesisbetreuung
                               : \> \tuinfthesisbetreins\\
The control sequence at the end of the top line
of your error message was never \def'ed. If you have
misspelled it (e.g., `\hobx'), type `I' and the correct
spelling (e.g., `I\hbox'). Otherwise just continue,
and I'll forget about whatever was undefined.

! Undefined control sequence.
l.85 ...nfthesisbetreuung: \> \tuinfthesisbetreins
                                                  \\
The control sequence at the end of the top line
of your error message was never \def'ed. If you have
misspelled it (e.g., `\hobx'), type `I' and the correct
spelling (e.g., `I\hbox'). Otherwise just continue,
and I'll forget about whatever was undefined.


Overfull \hbox (57.39355pt too wide) in paragraph at lines 80--90
[][] 
 []


! LaTeX Error: The font size command \normalsize is not defined:
               there is probably something wrong with the class file.

See the LaTeX manual or LaTeX Companion for explanation.
Type  H <return>  for immediate help.
 ...                                              
                                                  
l.95 \cleardoublepage
                     
Your command was ignored.
Type  I <command> <return>  to replace it with another command,
or  <return>  to continue without it.

[1{C:/Users/Ace/AppData/Local/MiKTeX/2.9/pdftex/config/pdftex.map}]
! Undefined control sequence.
l.105 \restoregeometry
                      
The control sequence at the end of the top line
of your error message was never \def'ed. If you have
misspelled it (e.g., `\hobx'), type `I' and the correct
spelling (e.g., `I\hbox'). Otherwise just continue,
and I'll forget about whatever was undefined.


! Package babel Error: Unknown language `english'. Either you have
(babel)                misspelled its name, it has not been installed,
(babel)                or you requested it in a previous run. Fix its name,
(babel)                install it or just rerun the file, respectively.

See the babel package documentation for explanation.
Type  H <return>  for immediate help.
 ...                                              
                                                  
l.107 \selectlanguage{english}
                              
You may proceed, but expect unexpected results

)
! Emergency stop.
<*> ./titlepage.tex
                   
*** (job aborted, no legal \end found)

 
Here is how much of TeX's memory you used:
 20 strings out of 493622
 251 string characters out of 3141220
 53689 words of memory out of 3000000
 3513 multiletter control sequences out of 15000+200000
 4239 words of font info for 16 fonts, out of 3000000 for 9000
 1025 hyphenation exceptions out of 8191
 21i,4n,14p,104b,238s stack positions out of 5000i,500n,10000p,200000b,50000s
!  ==> Fatal error occurred, no output PDF file produced!
